{
  "RSpec": {
    "coverage": {
      "/home/richard/code/milk_club/app.rb": [
        1,
        1,
        1,
        1,
        null,
        1,
        null,
        1,
        1,
        15,
        null,
        2,
        null,
        15,
        null,
        1,
        1,
        null,
        1,
        1,
        null,
        1,
        null,
        1,
        0,
        null,
        null
      ],
      "/home/richard/code/milk_club/app/models/member.rb": [
        1,
        1,
        1,
        null,
        1,
        null,
        1,
        null,
        10,
        null,
        1,
        9,
        null,
        null,
        1,
        2,
        2,
        null,
        1,
        1,
        null,
        null,
        1,
        10,
        10,
        10,
        10,
        null,
        null,
        1,
        13,
        null,
        null,
        1,
        10,
        null,
        null,
        1,
        6,
        null,
        null,
        1,
        3,
        2,
        1,
        null,
        null,
        1,
        2,
        1,
        null,
        null,
        1,
        0,
        0,
        null,
        null,
        1,
        2,
        2,
        1,
        1,
        1,
        null,
        null,
        null,
        null,
        null,
        null,
        null,
        null,
        null,
        null,
        null,
        null,
        null,
        null,
        null,
        null,
        null,
        null,
        null,
        null
      ],
      "/home/richard/code/milk_club/app/models/payment.rb": [
        1,
        1,
        null
      ],
      "/home/richard/code/milk_club/app/models/due.rb": [
        1,
        1,
        null,
        1,
        1,
        3,
        null,
        null,
        null
      ],
      "/home/richard/code/milk_club/app/models/payment_update.rb": [
        1,
        null,
        1,
        2,
        2,
        2,
        null,
        2,
        1,
        null,
        1,
        null,
        null,
        null,
        null,
        null
      ],
      "/home/richard/code/milk_club/app/models/authenticator.rb": [
        1,
        null,
        1,
        1,
        1,
        null,
        1,
        0,
        0,
        null,
        0,
        0,
        null,
        0,
        null,
        null,
        1,
        0,
        0,
        null,
        0,
        null,
        null
      ],
      "/home/richard/code/milk_club/app/models/fee.rb": [
        1,
        1,
        2,
        2,
        1,
        null,
        null
      ],
      "/home/richard/code/milk_club/app/helpers/member_only_helper.rb": [
        1,
        null,
        1,
        0,
        0,
        0,
        0,
        null,
        null,
        null,
        null,
        null
      ],
      "/home/richard/code/milk_club/app/helpers/admin_only_helper.rb": [
        1,
        null,
        1,
        0,
        0,
        0,
        0,
        0,
        null,
        null,
        null,
        null,
        null
      ],
      "/home/richard/code/milk_club/app/helpers/authentication_helper.rb": [
        1,
        null,
        1,
        16,
        null,
        null,
        1,
        30,
        null,
        null,
        1,
        26,
        16,
        15,
        null,
        null
      ],
      "/home/richard/code/milk_club/app/controllers/payments.rb": [
        1,
        null,
        1,
        1,
        1,
        null,
        null,
        1,
        1,
        1,
        null,
        null,
        null
      ],
      "/home/richard/code/milk_club/app/controllers/authentication_controller.rb": [
        1,
        1,
        26,
        null,
        null,
        1,
        2,
        null,
        null,
        1,
        8,
        8,
        null,
        null,
        4,
        4,
        4,
        4,
        null,
        2,
        2,
        null,
        2,
        2,
        null,
        null,
        null,
        1,
        1,
        1,
        null,
        null
      ],
      "/home/richard/code/milk_club/app/controllers/amount_due.rb": [
        1,
        null,
        1,
        1,
        null,
        null,
        1,
        1,
        1,
        1,
        1,
        null,
        null,
        null
      ],
      "/home/richard/code/milk_club/app/controllers/fees.rb": [
        1,
        null,
        1,
        4,
        4,
        null,
        null,
        1,
        4,
        3,
        3,
        null,
        1,
        null,
        4,
        null,
        null,
        null
      ],
      "/home/richard/code/milk_club/app/controllers/home.rb": [
        1,
        null,
        1,
        2,
        2,
        null,
        null,
        null
      ],
      "/home/richard/code/milk_club/app/controllers/members_controller.rb": [
        1,
        null,
        null,
        null,
        1,
        0,
        null,
        null
      ],
      "/home/richard/code/milk_club/lib/configuration.rb": [
        1,
        1,
        1,
        null,
        1,
        null,
        1,
        0,
        0,
        null,
        0,
        0,
        null,
        0,
        null,
        null
      ]
    },
    "timestamp": 1400746089
  }
}
